{"meta": {"format": 2, "version": "7.4.4", "timestamp": "2025-10-26T18:57:14.741590", "branch_coverage": false, "show_contexts": false}, "files": {"src/utils/__init__.py": {"executed_lines": [1, 3, 14], "summary": {"covered_lines": 2, "num_statements": 2, "percent_covered": 100.0, "percent_covered_display": "100", "missing_lines": 0, "excluded_lines": 0}, "missing_lines": [], "excluded_lines": []}, "src/utils/common_validation.py": {"executed_lines": [], "summary": {"covered_lines": 0, "num_statements": 93, "percent_covered": 0.0, "percent_covered_display": "0", "missing_lines": 93, "excluded_lines": 0}, "missing_lines": [6, 8, 9, 10, 12, 14, 17, 21, 22, 23, 26, 28, 29, 38, 39, 41, 42, 52, 53, 58, 59, 69, 70, 71, 75, 76, 85, 86, 87, 88, 89, 90, 92, 93, 102, 103, 104, 105, 106, 108, 109, 129, 132, 135, 136, 137, 138, 141, 142, 145, 146, 148, 149, 164, 171, 172, 189, 192, 195, 196, 202, 203, 204, 205, 208, 209, 212, 213, 214, 215, 216, 217, 222, 225, 226, 236, 237, 239, 240, 257, 258, 259, 260, 262, 263, 274, 275, 281, 283, 286, 288, 291, 293], "excluded_lines": []}, "src/utils/ffmpeg_utils.py": {"executed_lines": [], "summary": {"covered_lines": 0, "num_statements": 59, "percent_covered": 0.0, "percent_covered_display": "0", "missing_lines": 59, "excluded_lines": 0}, "missing_lines": [2, 4, 5, 6, 7, 9, 11, 14, 23, 24, 25, 26, 27, 28, 29, 30, 31, 32, 33, 34, 35, 36, 37, 38, 39, 40, 41, 42, 43, 44, 45, 46, 47, 50, 59, 60, 61, 62, 63, 64, 65, 66, 67, 68, 69, 70, 71, 72, 73, 74, 75, 76, 77, 78, 79, 80, 81, 82, 83], "excluded_lines": []}, "src/utils/file_validation.py": {"executed_lines": [], "summary": {"covered_lines": 0, "num_statements": 49, "percent_covered": 0.0, "percent_covered_display": "0", "missing_lines": 49, "excluded_lines": 0}, "missing_lines": [6, 8, 9, 10, 12, 14, 17, 19, 22, 31, 35, 38, 53, 54, 55, 56, 57, 58, 59, 60, 61, 63, 64, 67, 95, 96, 99, 100, 103, 109, 111, 112, 115, 136, 137, 140, 145, 147, 148, 151, 164, 165, 166, 167, 170, 188, 189, 190, 191], "excluded_lines": []}, "src/utils/logger.py": {"executed_lines": [], "summary": {"covered_lines": 0, "num_statements": 19, "percent_covered": 0.0, "percent_covered_display": "0", "missing_lines": 19, "excluded_lines": 0}, "missing_lines": [3, 5, 6, 9, 22, 24, 25, 26, 27, 29, 31, 34, 48, 49, 51, 57, 58, 59, 60], "excluded_lines": []}, "src/utils/logging_factory.py": {"executed_lines": [], "summary": {"covered_lines": 0, "num_statements": 40, "percent_covered": 0.0, "percent_covered_display": "0", "missing_lines": 40, "excluded_lines": 0}, "missing_lines": [2, 4, 5, 6, 9, 12, 13, 15, 16, 29, 30, 32, 33, 36, 39, 40, 43, 50, 51, 53, 55, 56, 66, 67, 69, 71, 72, 79, 81, 82, 88, 89, 90, 93, 94, 95, 97, 98, 102, 113], "excluded_lines": []}, "src/utils/paths.py": {"executed_lines": [], "summary": {"covered_lines": 0, "num_statements": 20, "percent_covered": 0.0, "percent_covered_display": "0", "missing_lines": 20, "excluded_lines": 0}, "missing_lines": [6, 8, 9, 10, 11, 12, 14, 17, 20, 25, 26, 27, 29, 30, 31, 32, 35, 40, 41, 42], "excluded_lines": []}, "src/utils/retry.py": {"executed_lines": [1, 2, 4, 5, 6, 7, 8, 9, 10, 11, 13, 15, 16, 19, 20, 21, 32, 33, 34, 35, 36, 37, 45, 47, 49, 51, 53, 57, 59, 62, 76, 77, 85, 86, 87, 88, 89, 95, 128, 155, 191, 203, 217, 253, 289, 361, 434, 461, 488, 489, 495, 507, 523], "summary": {"covered_lines": 49, "num_statements": 149, "percent_covered": 32.88590604026846, "percent_covered_display": "33", "missing_lines": 100, "excluded_lines": 0}, "missing_lines": [48, 50, 52, 54, 58, 60, 71, 110, 111, 114, 119, 121, 122, 125, 141, 142, 144, 145, 146, 148, 149, 152, 178, 179, 181, 199, 200, 213, 214, 236, 244, 249, 250, 272, 280, 285, 286, 318, 322, 323, 324, 325, 326, 328, 329, 330, 331, 333, 334, 337, 338, 341, 342, 343, 346, 349, 352, 356, 358, 390, 394, 395, 396, 397, 398, 400, 401, 402, 403, 405, 406, 409, 410, 413, 414, 415, 418, 421, 424, 428, 430, 447, 453, 474, 480, 502, 503, 504, 505, 513, 514, 516, 518, 519, 520, 521, 529, 530, 532, 534], "excluded_lines": []}, "src/utils/sanitization.py": {"executed_lines": [], "summary": {"covered_lines": 0, "num_statements": 85, "percent_covered": 0.0, "percent_covered_display": "0", "missing_lines": 85, "excluded_lines": 0}, "missing_lines": [2, 4, 5, 6, 7, 10, 13, 14, 25, 26, 28, 30, 32, 33, 45, 48, 49, 52, 55, 56, 59, 60, 62, 63, 64, 65, 67, 69, 71, 72, 84, 87, 88, 91, 94, 95, 98, 99, 100, 102, 104, 105, 118, 121, 122, 123, 124, 125, 126, 127, 129, 132, 133, 134, 137, 138, 139, 140, 141, 143, 145, 146, 159, 161, 162, 163, 164, 167, 168, 170, 171, 184, 187, 188, 189, 191, 194, 195, 197, 201, 210, 213, 222, 225, 234], "excluded_lines": []}, "src/utils/validation.py": {"executed_lines": [], "summary": {"covered_lines": 0, "num_statements": 28, "percent_covered": 0.0, "percent_covered_display": "0", "missing_lines": 28, "excluded_lines": 0}, "missing_lines": [6, 8, 9, 12, 13, 16, 24, 25, 27, 28, 38, 40, 41, 52, 59, 60, 74, 81, 82, 92, 94, 95, 104, 105, 106, 107, 108, 109], "excluded_lines": []}}, "totals": {"covered_lines": 51, "num_statements": 544, "percent_covered": 9.375, "percent_covered_display": "9", "missing_lines": 493, "excluded_lines": 0}}